<?xml version="1.0" encoding="UTF-8"?>
<!-- Generated by org.testng.reporters.JUnitReportReporter -->
<testsuite hostname="SLB-FDSCNC2" failures="0" tests="1" name="com.demo.test.Browser" time="16.201" errors="0" timestamp="19 Jun 2019 09:40:23 GMT" skipped="0">
  <testcase classname="com.demo.test.Browser" name="openBrowser" time="16.201"/>
</testsuite> <!-- com.demo.test.Browser -->
