<?xml version="1.0" encoding="UTF-8"?>
<!-- Generated by org.testng.reporters.JUnitReportReporter -->
<testsuite hostname="SLB-FDSCNC2" failures="0" tests="1" name="com.demo.test.TestProgram" time="9.216" errors="0" timestamp="03 Jul 2019 09:40:42 GMT" skipped="0">
  <testcase classname="com.demo.test.TestProgram" name="launchBrowser" time="9.216"/>
</testsuite> <!-- com.demo.test.TestProgram -->
